2023-04-16 10:37:42,152 -
device: 	cuda
display_step: 	10
res_dir: 	/home/eric/Desktop/projects/PiFold/res_dir
ex_name: 	debug
use_gpu: 	1
gpu: 	0
seed: 	111
wandb_project: 	None
data_name: 	CATH
data_root: 	/home/eric/Desktop/projects/PiFold/data
batch_size: 	8
num_workers: 	8
method: 	ProDesign
config_file: 	None
num_heads: 	4
hidden_dim: 	128
node_features: 	128
edge_features: 	128
k_neighbors: 	30
dropout: 	0.1
num_encoder_layers: 	5
checkpoint: 	0
from_pretrained: 	None
norm_choice: 	batchnorm
epoch: 	100
log_step: 	1
lr: 	0.001
patience: 	100
test_every_epoch: 	1
train_mode: 	sparse
updating_edges: 	4
node_dist: 	1
node_angle: 	1
node_direct: 	1
edge_dist: 	1
edge_angle: 	1
edge_direct: 	1
virtual_num: 	3
2023-04-16 10:40:57,916 -
device: 	cuda
display_step: 	10
res_dir: 	/home/eric/Desktop/projects/PiFold/res_dir
ex_name: 	debug
use_gpu: 	1
gpu: 	0
seed: 	111
wandb_project: 	None
data_name: 	CATH
data_root: 	/home/eric/Desktop/projects/PiFold/data
batch_size: 	8
num_workers: 	8
method: 	ProDesign
config_file: 	None
num_heads: 	4
hidden_dim: 	128
node_features: 	128
edge_features: 	128
k_neighbors: 	30
dropout: 	0.1
num_encoder_layers: 	5
checkpoint: 	0
from_pretrained: 	None
norm_choice: 	batchnorm
epoch: 	100
log_step: 	1
lr: 	0.001
patience: 	100
test_every_epoch: 	1
train_mode: 	sparse
updating_edges: 	4
node_dist: 	1
node_angle: 	1
node_direct: 	1
edge_dist: 	1
edge_angle: 	1
edge_direct: 	1
virtual_num: 	3
2023-04-16 10:42:32,892 -
device: 	cuda
display_step: 	10
res_dir: 	/home/eric/Desktop/projects/PiFold/res_dir
ex_name: 	debug
use_gpu: 	1
gpu: 	0
seed: 	111
wandb_project: 	None
data_name: 	CATH
data_root: 	/home/eric/Desktop/projects/PiFold/data
batch_size: 	8
num_workers: 	8
method: 	ProDesign
config_file: 	None
num_heads: 	4
hidden_dim: 	128
node_features: 	128
edge_features: 	128
k_neighbors: 	30
dropout: 	0.1
num_encoder_layers: 	5
checkpoint: 	0
from_pretrained: 	None
norm_choice: 	batchnorm
epoch: 	100
log_step: 	1
lr: 	0.001
patience: 	100
test_every_epoch: 	1
train_mode: 	sparse
updating_edges: 	4
node_dist: 	1
node_angle: 	1
node_direct: 	1
edge_dist: 	1
edge_angle: 	1
edge_direct: 	1
virtual_num: 	3
2023-04-16 10:43:17,782 -
device: 	cuda
display_step: 	10
res_dir: 	/home/eric/Desktop/projects/PiFold/res_dir
ex_name: 	debug
use_gpu: 	1
gpu: 	0
seed: 	111
wandb_project: 	None
data_name: 	CATH
data_root: 	/home/eric/Desktop/projects/PiFold/data
batch_size: 	8
num_workers: 	8
method: 	ProDesign
config_file: 	None
num_heads: 	4
hidden_dim: 	128
node_features: 	128
edge_features: 	128
k_neighbors: 	30
dropout: 	0.1
num_encoder_layers: 	5
checkpoint: 	0
from_pretrained: 	None
norm_choice: 	batchnorm
epoch: 	100
log_step: 	1
lr: 	0.001
patience: 	100
test_every_epoch: 	1
train_mode: 	sparse
updating_edges: 	4
node_dist: 	1
node_angle: 	1
node_direct: 	1
edge_dist: 	1
edge_angle: 	1
edge_direct: 	1
virtual_num: 	3
2023-04-16 10:46:55,865 -
device: 	cuda
display_step: 	10
res_dir: 	/home/eric/Desktop/projects/PiFold/res_dir
ex_name: 	debug
use_gpu: 	1
gpu: 	0
seed: 	111
wandb_project: 	None
data_name: 	CATH
data_root: 	/home/eric/Desktop/projects/PiFold/data
batch_size: 	8
num_workers: 	8
method: 	ProDesign
config_file: 	None
num_heads: 	4
hidden_dim: 	128
node_features: 	128
edge_features: 	128
k_neighbors: 	30
dropout: 	0.1
num_encoder_layers: 	5
checkpoint: 	0
from_pretrained: 	None
norm_choice: 	batchnorm
epoch: 	100
log_step: 	1
lr: 	0.001
patience: 	100
test_every_epoch: 	1
train_mode: 	sparse
updating_edges: 	4
node_dist: 	1
node_angle: 	1
node_direct: 	1
edge_dist: 	1
edge_angle: 	1
edge_direct: 	1
virtual_num: 	3
2023-04-16 10:57:06,374 -
device: 	cuda
display_step: 	10
res_dir: 	/home/eric/Desktop/projects/PiFold/res_dir
ex_name: 	debug
use_gpu: 	1
gpu: 	0
seed: 	111
wandb_project: 	None
data_name: 	CATH
data_root: 	/home/eric/Desktop/projects/PiFold/data
batch_size: 	8
num_workers: 	8
method: 	ProDesign
config_file: 	None
num_heads: 	4
hidden_dim: 	128
node_features: 	128
edge_features: 	128
k_neighbors: 	30
dropout: 	0.1
num_encoder_layers: 	5
checkpoint: 	0
from_pretrained: 	None
norm_choice: 	batchnorm
epoch: 	100
log_step: 	1
lr: 	0.001
patience: 	100
test_every_epoch: 	1
train_mode: 	sparse
updating_edges: 	4
node_dist: 	1
node_angle: 	1
node_direct: 	1
edge_dist: 	1
edge_angle: 	1
edge_direct: 	1
virtual_num: 	3
